<?xml version="1.0" encoding="UTF-8"?>
<!-- Generated by org.testng.reporters.JUnitReportReporter -->
<testsuite hostname="HP" failures="0" tests="4" name="com.qa.Testcases.Test1" time="0.005" errors="0" timestamp="2025-06-26T14:44:15 IST" skipped="0">
  <testcase classname="com.qa.Testcases.Test1" name="RepeatableTest" time="0.002"/>
  <testcase classname="com.qa.Testcases.Test1" name="RepeatableTest2" time="0.001"/>
  <testcase classname="com.qa.Testcases.Test1" name="RepeatableTest2" time="0.001"/>
  <testcase classname="com.qa.Testcases.Test1" name="RepeatableTest2" time="0.001"/>
</testsuite> <!-- com.qa.Testcases.Test1 -->
