<?xml version="1.0" encoding="UTF-8"?>
<!-- Generated by org.testng.reporters.JUnitReportReporter -->
<testsuite hostname="HP" failures="0" tests="1" name="com.qa.Testcases.LoginTest" time="10.769" errors="0" timestamp="2025-06-26T14:44:15 IST" skipped="0">
  <testcase classname="com.qa.Testcases.LoginTest" name="ValidateSignBtn" time="10.769"/>
</testsuite> <!-- com.qa.Testcases.LoginTest -->
